<?xml version="1.0" encoding="UTF-8"?>
<robot generator="Robot 7.3.2 (Python 3.13.6 on win32)" generated="2025-08-20T16:10:32.666400" rpa="false" schemaversion="5">
<suite id="s1" name="amazon tarefa2 BDD testes" source="C:\Cursos\curso_robot_framework_basico\webtesting_tarefa2_BDD\amazon_tarefa2_BDD_testes.robot">
<test id="s1-t1" name="Caso de Teste 03 - Adicionar Produto no Carrinho" line="33">
<kw name="Abrir o navegador" owner="amazon_tarefa2_BDD_resources" type="SETUP">
<kw name="Open Browser" owner="SeleniumLibrary">
<msg time="2025-08-20T16:10:32.915723" level="INFO">Opening browser 'chrome' to base url 'None'.</msg>
<arg>browser=${BROWSER}</arg>
<doc>Opens a new browser instance to the optional ``url``.</doc>
<status status="PASS" start="2025-08-20T16:10:32.915467" elapsed="1.171587"/>
</kw>
<kw name="Maximize Browser Window" owner="SeleniumLibrary">
<doc>Maximizes current browser window.</doc>
<status status="PASS" start="2025-08-20T16:10:34.087461" elapsed="0.041528"/>
</kw>
<status status="PASS" start="2025-08-20T16:10:32.914757" elapsed="1.214469"/>
</kw>
<kw name="Dado que estou na home page da Amazon.com.br" owner="amazon_tarefa2_BDD_resources">
<kw name="Go To" owner="SeleniumLibrary">
<msg time="2025-08-20T16:10:34.131102" level="INFO">Opening url 'https://www.amazon.com.br/?ref_=icp_country_from_us'</msg>
<arg>url=${URL}</arg>
<doc>Navigates the current browser window to the provided ``url``.</doc>
<status status="PASS" start="2025-08-20T16:10:34.130715" elapsed="1.005302"/>
</kw>
<status status="PASS" start="2025-08-20T16:10:34.129942" elapsed="1.006222"/>
</kw>
<kw name="Quando pesquisar pelo produto &quot;Xbox Series S&quot;" owner="amazon_tarefa2_BDD_resources" source_name="Quando pesquisar pelo produto &quot;${PRODUTO}&quot;">
<kw name="Wait Until Element Is Visible" owner="SeleniumLibrary">
<arg>locator=${CAMPO_PESQUISA}</arg>
<doc>Waits until the element ``locator`` is visible.</doc>
<status status="PASS" start="2025-08-20T16:10:35.136948" elapsed="5.536154"/>
</kw>
<kw name="Input Text" owner="SeleniumLibrary">
<msg time="2025-08-20T16:10:40.673611" level="INFO">Typing text 'Xbox Series S' into text field '(//input[@id='twotabsearchtextbox'])[1]'.</msg>
<arg>locator=${CAMPO_PESQUISA}</arg>
<arg>text=${PRODUTO}</arg>
<doc>Types the given ``text`` into the text field identified by ``locator``.</doc>
<status status="PASS" start="2025-08-20T16:10:40.673301" elapsed="0.237563"/>
</kw>
<kw name="Clicar no botão de Pesquisa" owner="amazon_tarefa2_BDD_resources">
<kw name="Wait Until Element Is Visible" owner="SeleniumLibrary">
<arg>locator=${BOTAO_PESQUISA}</arg>
<doc>Waits until the element ``locator`` is visible.</doc>
<status status="PASS" start="2025-08-20T16:10:40.911695" elapsed="0.053215"/>
</kw>
<kw name="Click Element" owner="SeleniumLibrary">
<msg time="2025-08-20T16:10:40.965448" level="INFO">Clicking element '(//input[@id='nav-search-submit-button'])[1]'.</msg>
<arg>locator=${BOTAO_PESQUISA}</arg>
<doc>Click the element identified by ``locator``.</doc>
<status status="PASS" start="2025-08-20T16:10:40.965108" elapsed="3.103622"/>
</kw>
<status status="PASS" start="2025-08-20T16:10:40.911171" elapsed="3.157678"/>
</kw>
<status status="PASS" start="2025-08-20T16:10:35.136601" elapsed="8.932314"/>
</kw>
<kw name=" Então um produto da linha &quot;Xbox Series S&quot; deve ser mostrado na página" owner="amazon_tarefa2_BDD_resources">
<kw name="Wait Until Element Contains" owner="SeleniumLibrary">
<arg>locator=${PRODUTO_PESQUISA}</arg>
<arg>text=Console Xbox Series S</arg>
<doc>Waits until the element ``locator`` contains ``text``.</doc>
<status status="PASS" start="2025-08-20T16:10:44.069619" elapsed="0.036724"/>
</kw>
<status status="PASS" start="2025-08-20T16:10:44.069300" elapsed="0.037217"/>
</kw>
<kw name="E adiciono o produto &quot;Console Xbox Series S&quot; no carrinho" owner="amazon_tarefa2_BDD_resources">
<kw name="Wait Until Element Is Visible" owner="SeleniumLibrary">
<arg>locator=${PRODUTO_PESQUISA}</arg>
<doc>Waits until the element ``locator`` is visible.</doc>
<status status="PASS" start="2025-08-20T16:10:44.107497" elapsed="0.028964"/>
</kw>
<kw name="Click Element" owner="SeleniumLibrary">
<msg time="2025-08-20T16:10:44.136909" level="INFO">Clicking element '(//span[contains(text(),'Console Xbox Series S')])[1]'.</msg>
<arg>locator=${PRODUTO_PESQUISA}</arg>
<doc>Click the element identified by ``locator``.</doc>
<status status="PASS" start="2025-08-20T16:10:44.136654" elapsed="6.464621"/>
</kw>
<kw name="Wait Until Element Is Visible" owner="SeleniumLibrary">
<arg>locator=${BOTAO_ADICIONAR_CARRINHO}</arg>
<doc>Waits until the element ``locator`` is visible.</doc>
<status status="PASS" start="2025-08-20T16:10:50.601668" elapsed="0.061167"/>
</kw>
<kw name="Click Button" owner="SeleniumLibrary">
<msg time="2025-08-20T16:10:50.663471" level="INFO">Clicking button '//*[@id="add-to-cart-button"]'.</msg>
<arg>locator=${BOTAO_ADICIONAR_CARRINHO}</arg>
<doc>Clicks the button identified by ``locator``.</doc>
<status status="PASS" start="2025-08-20T16:10:50.663118" elapsed="0.766931"/>
</kw>
<kw name="Sleep" owner="BuiltIn">
<msg time="2025-08-20T16:10:54.431522" level="INFO">Slept 3 seconds.</msg>
<arg>3s</arg>
<doc>Pauses the test executed for the given time.</doc>
<status status="PASS" start="2025-08-20T16:10:51.430409" elapsed="3.001233"/>
</kw>
<kw name="Click Button" owner="SeleniumLibrary">
<msg time="2025-08-20T16:10:54.432110" level="INFO">Clicking button '//*[@id="attachSiNoCoverage"]/span/input'.</msg>
<arg>locator=${BOTAO_SEM_PROTECAO}</arg>
<doc>Clicks the button identified by ``locator``.</doc>
<status status="PASS" start="2025-08-20T16:10:54.431824" elapsed="0.175764"/>
</kw>
<status status="PASS" start="2025-08-20T16:10:44.106978" elapsed="10.500747"/>
</kw>
<kw name="E verifico se o produto &quot;Console Xbox Series S&quot; foi adicionado com sucesso" owner="amazon_tarefa2_BDD_resources">
<kw name="Sleep" owner="BuiltIn">
<msg time="2025-08-20T16:11:02.609726" level="INFO">Slept 8 seconds.</msg>
<arg>8s</arg>
<doc>Pauses the test executed for the given time.</doc>
<status status="PASS" start="2025-08-20T16:10:54.608605" elapsed="8.001233"/>
</kw>
<kw name="Wait Until Element Is Visible" owner="SeleniumLibrary">
<arg>locator=${TEXTO_ADICIONADO_COM_SUCESSO}</arg>
<doc>Waits until the element ``locator`` is visible.</doc>
<status status="PASS" start="2025-08-20T16:11:02.610015" elapsed="0.021999"/>
</kw>
<kw name="Element Text Should Be" owner="SeleniumLibrary">
<msg time="2025-08-20T16:11:02.632482" level="INFO">Verifying element '(//h4[@class='a-alert-heading'][normalize-space()='Adicionado ao carrinho'])[2]' contains exact text 'Adicionado ao carrinho'.</msg>
<arg>locator=${TEXTO_ADICIONADO_COM_SUCESSO}</arg>
<arg>expected=Adicionado ao carrinho</arg>
<doc>Verifies that element ``locator`` contains exact the text ``expected``.</doc>
<status status="PASS" start="2025-08-20T16:11:02.632200" elapsed="0.017601"/>
</kw>
<status status="PASS" start="2025-08-20T16:10:54.608183" elapsed="8.041731"/>
</kw>
<kw name="Fechar o navegador" owner="amazon_tarefa2_BDD_resources" type="TEARDOWN">
<kw name="Close Browser" owner="SeleniumLibrary">
<doc>Closes the current browser.</doc>
<status status="PASS" start="2025-08-20T16:11:02.650664" elapsed="2.285161"/>
</kw>
<status status="PASS" start="2025-08-20T16:11:02.650359" elapsed="2.285588"/>
</kw>
<doc>Esse teste verifica a adição de um produto no carrinho de compras</doc>
<tag>adicionar_carrinho</tag>
<status status="PASS" start="2025-08-20T16:10:32.913772" elapsed="32.022426"/>
</test>
<test id="s1-t2" name="Caso de Teste 04 - Remover Produto do Carrinho" line="42">
<kw name="Abrir o navegador" owner="amazon_tarefa2_BDD_resources" type="SETUP">
<kw name="Open Browser" owner="SeleniumLibrary">
<msg time="2025-08-20T16:11:04.938009" level="INFO">Opening browser 'chrome' to base url 'None'.</msg>
<arg>browser=${BROWSER}</arg>
<doc>Opens a new browser instance to the optional ``url``.</doc>
<status status="PASS" start="2025-08-20T16:11:04.937807" elapsed="1.112530"/>
</kw>
<kw name="Maximize Browser Window" owner="SeleniumLibrary">
<doc>Maximizes current browser window.</doc>
<status status="PASS" start="2025-08-20T16:11:06.050867" elapsed="0.035623"/>
</kw>
<status status="PASS" start="2025-08-20T16:11:04.937536" elapsed="1.149139"/>
</kw>
<kw name="Dado que estou na home page da Amazon.com.br" owner="amazon_tarefa2_BDD_resources">
<kw name="Go To" owner="SeleniumLibrary">
<msg time="2025-08-20T16:11:06.087836" level="INFO">Opening url 'https://www.amazon.com.br/?ref_=icp_country_from_us'</msg>
<arg>url=${URL}</arg>
<doc>Navigates the current browser window to the provided ``url``.</doc>
<status status="PASS" start="2025-08-20T16:11:06.087657" elapsed="0.928793"/>
</kw>
<status status="PASS" start="2025-08-20T16:11:06.087241" elapsed="0.929401"/>
</kw>
<kw name="Quando pesquisar pelo produto &quot;Xbox Series S&quot;" owner="amazon_tarefa2_BDD_resources" source_name="Quando pesquisar pelo produto &quot;${PRODUTO}&quot;">
<kw name="Wait Until Element Is Visible" owner="SeleniumLibrary">
<arg>locator=${CAMPO_PESQUISA}</arg>
<doc>Waits until the element ``locator`` is visible.</doc>
<status status="PASS" start="2025-08-20T16:11:07.017471" elapsed="4.400814"/>
</kw>
<kw name="Input Text" owner="SeleniumLibrary">
<msg time="2025-08-20T16:11:11.418800" level="INFO">Typing text 'Xbox Series S' into text field '(//input[@id='twotabsearchtextbox'])[1]'.</msg>
<arg>locator=${CAMPO_PESQUISA}</arg>
<arg>text=${PRODUTO}</arg>
<doc>Types the given ``text`` into the text field identified by ``locator``.</doc>
<status status="PASS" start="2025-08-20T16:11:11.418487" elapsed="0.223112"/>
</kw>
<kw name="Clicar no botão de Pesquisa" owner="amazon_tarefa2_BDD_resources">
<kw name="Wait Until Element Is Visible" owner="SeleniumLibrary">
<arg>locator=${BOTAO_PESQUISA}</arg>
<doc>Waits until the element ``locator`` is visible.</doc>
<status status="PASS" start="2025-08-20T16:11:11.642506" elapsed="0.048535"/>
</kw>
<kw name="Click Element" owner="SeleniumLibrary">
<msg time="2025-08-20T16:11:11.691793" level="INFO">Clicking element '(//input[@id='nav-search-submit-button'])[1]'.</msg>
<arg>locator=${BOTAO_PESQUISA}</arg>
<doc>Click the element identified by ``locator``.</doc>
<status status="PASS" start="2025-08-20T16:11:11.691349" elapsed="2.409711"/>
</kw>
<status status="PASS" start="2025-08-20T16:11:11.641931" elapsed="2.459251"/>
</kw>
<status status="PASS" start="2025-08-20T16:11:07.017111" elapsed="7.084136"/>
</kw>
<kw name=" Então um produto da linha &quot;Xbox Series S&quot; deve ser mostrado na página" owner="amazon_tarefa2_BDD_resources">
<kw name="Wait Until Element Contains" owner="SeleniumLibrary">
<arg>locator=${PRODUTO_PESQUISA}</arg>
<arg>text=Console Xbox Series S</arg>
<doc>Waits until the element ``locator`` contains ``text``.</doc>
<status status="PASS" start="2025-08-20T16:11:14.101886" elapsed="0.034051"/>
</kw>
<status status="PASS" start="2025-08-20T16:11:14.101594" elapsed="0.034542"/>
</kw>
<kw name="E adiciono o produto &quot;Console Xbox Series S&quot; no carrinho" owner="amazon_tarefa2_BDD_resources">
<kw name="Wait Until Element Is Visible" owner="SeleniumLibrary">
<arg>locator=${PRODUTO_PESQUISA}</arg>
<doc>Waits until the element ``locator`` is visible.</doc>
<status status="PASS" start="2025-08-20T16:11:14.137240" elapsed="0.027904"/>
</kw>
<kw name="Click Element" owner="SeleniumLibrary">
<msg time="2025-08-20T16:11:14.165590" level="INFO">Clicking element '(//span[contains(text(),'Console Xbox Series S')])[1]'.</msg>
<arg>locator=${PRODUTO_PESQUISA}</arg>
<doc>Click the element identified by ``locator``.</doc>
<status status="PASS" start="2025-08-20T16:11:14.165332" elapsed="5.808477"/>
</kw>
<kw name="Wait Until Element Is Visible" owner="SeleniumLibrary">
<arg>locator=${BOTAO_ADICIONAR_CARRINHO}</arg>
<doc>Waits until the element ``locator`` is visible.</doc>
<status status="PASS" start="2025-08-20T16:11:19.974175" elapsed="0.370551"/>
</kw>
<kw name="Click Button" owner="SeleniumLibrary">
<msg time="2025-08-20T16:11:20.345440" level="INFO">Clicking button '//*[@id="add-to-cart-button"]'.</msg>
<arg>locator=${BOTAO_ADICIONAR_CARRINHO}</arg>
<doc>Clicks the button identified by ``locator``.</doc>
<status status="PASS" start="2025-08-20T16:11:20.344987" elapsed="0.461829"/>
</kw>
<kw name="Sleep" owner="BuiltIn">
<msg time="2025-08-20T16:11:23.808449" level="INFO">Slept 3 seconds.</msg>
<arg>3s</arg>
<doc>Pauses the test executed for the given time.</doc>
<status status="PASS" start="2025-08-20T16:11:20.807147" elapsed="3.001416"/>
</kw>
<kw name="Click Button" owner="SeleniumLibrary">
<msg time="2025-08-20T16:11:23.809013" level="INFO">Clicking button '//*[@id="attachSiNoCoverage"]/span/input'.</msg>
<arg>locator=${BOTAO_SEM_PROTECAO}</arg>
<doc>Clicks the button identified by ``locator``.</doc>
<status status="PASS" start="2025-08-20T16:11:23.808750" elapsed="0.143577"/>
</kw>
<status status="PASS" start="2025-08-20T16:11:14.136616" elapsed="9.815846"/>
</kw>
<kw name="E verifico se o produto &quot;Console Xbox Series S&quot; foi adicionado com sucesso" owner="amazon_tarefa2_BDD_resources">
<kw name="Sleep" owner="BuiltIn">
<msg time="2025-08-20T16:11:31.954316" level="INFO">Slept 8 seconds.</msg>
<arg>8s</arg>
<doc>Pauses the test executed for the given time.</doc>
<status status="PASS" start="2025-08-20T16:11:23.953480" elapsed="8.000950"/>
</kw>
<kw name="Wait Until Element Is Visible" owner="SeleniumLibrary">
<arg>locator=${TEXTO_ADICIONADO_COM_SUCESSO}</arg>
<doc>Waits until the element ``locator`` is visible.</doc>
<status status="PASS" start="2025-08-20T16:11:31.954618" elapsed="0.021651"/>
</kw>
<kw name="Element Text Should Be" owner="SeleniumLibrary">
<msg time="2025-08-20T16:11:31.976731" level="INFO">Verifying element '(//h4[@class='a-alert-heading'][normalize-space()='Adicionado ao carrinho'])[2]' contains exact text 'Adicionado ao carrinho'.</msg>
<arg>locator=${TEXTO_ADICIONADO_COM_SUCESSO}</arg>
<arg>expected=Adicionado ao carrinho</arg>
<doc>Verifies that element ``locator`` contains exact the text ``expected``.</doc>
<status status="PASS" start="2025-08-20T16:11:31.976452" elapsed="0.017765"/>
</kw>
<status status="PASS" start="2025-08-20T16:11:23.952944" elapsed="8.041386"/>
</kw>
<kw name="Então removo o produto &quot;Console Xbox Series S&quot; do carrinho" owner="amazon_tarefa2_BDD_resources">
<kw name="Click Button" owner="SeleniumLibrary">
<msg time="2025-08-20T16:11:31.995238" level="INFO">Clicking button '(//input[@aria-labelledby='attach-sidesheet-view-cart-button-announce'])[1]'.</msg>
<arg>locator=${BOTAO_IR_CARRINHO DE COMPRAS}</arg>
<doc>Clicks the button identified by ``locator``.</doc>
<status status="PASS" start="2025-08-20T16:11:31.995011" elapsed="2.443245"/>
</kw>
<kw name="Element Text Should Be" owner="SeleniumLibrary">
<msg time="2025-08-20T16:11:34.439021" level="INFO">Verifying element '//*[@id="sc-active-items-header"]' contains exact text 'Carrinho de compras'.</msg>
<arg>locator=${TITULO_CARRINHO DE COMPRAS}</arg>
<arg>expected=Carrinho de compras</arg>
<doc>Verifies that element ``locator`` contains exact the text ``expected``.</doc>
<status status="PASS" start="2025-08-20T16:11:34.438475" elapsed="0.068706"/>
</kw>
<kw name="Sleep" owner="BuiltIn">
<msg time="2025-08-20T16:11:37.508349" level="INFO">Slept 3 seconds.</msg>
<arg>3s</arg>
<doc>Pauses the test executed for the given time.</doc>
<status status="PASS" start="2025-08-20T16:11:34.507367" elapsed="3.001095"/>
</kw>
<kw name="Click Button" owner="SeleniumLibrary">
<msg time="2025-08-20T16:11:37.508908" level="INFO">Clicking button '(//button[@aria-label='Excluir Console Xbox Series S'])[1]'.</msg>
<arg>locator=${BOTÃO_LIXEIRA}</arg>
<doc>Clicks the button identified by ``locator``.</doc>
<status status="PASS" start="2025-08-20T16:11:37.508637" elapsed="0.131686"/>
</kw>
<kw name="Sleep" owner="BuiltIn">
<msg time="2025-08-20T16:11:40.641863" level="INFO">Slept 3 seconds.</msg>
<arg>3s</arg>
<doc>Pauses the test executed for the given time.</doc>
<status status="PASS" start="2025-08-20T16:11:37.640631" elapsed="3.001343"/>
</kw>
<kw name="Element Text Should Be" owner="SeleniumLibrary">
<msg time="2025-08-20T16:11:40.642598" level="INFO">Verifying element '(//div[@class='sc-list-item-removed-msg-delete a-padding-medium'])[1]' contains exact text 'Console Xbox Series S foi removido de Carrinho de compras.'.</msg>
<arg>locator=${TEXTO_PRODUTO_REMOVIDO}</arg>
<arg>expected=Console Xbox Series S foi removido de Carrinho de compras.</arg>
<doc>Verifies that element ``locator`` contains exact the text ``expected``.</doc>
<status status="PASS" start="2025-08-20T16:11:40.642297" elapsed="0.033936"/>
</kw>
<status status="PASS" start="2025-08-20T16:11:31.994703" elapsed="8.681655"/>
</kw>
<kw name="E Verifico se o carrinho fica vazio" owner="amazon_tarefa2_BDD_resources">
<kw name="Element Text Should Be" owner="SeleniumLibrary">
<msg time="2025-08-20T16:11:40.677263" level="INFO">Verifying element '//*[@id="sc-subtotal-label-activecart"]' contains exact text 'Subtotal (0 produtos):'.</msg>
<arg>locator=${TEXTO_SUBTOTAL}</arg>
<arg>expected=Subtotal (0 produtos):</arg>
<doc>Verifies that element ``locator`` contains exact the text ``expected``.</doc>
<status status="PASS" start="2025-08-20T16:11:40.677017" elapsed="0.032265"/>
</kw>
<status status="PASS" start="2025-08-20T16:11:40.676707" elapsed="0.032697"/>
</kw>
<kw name="Fechar o navegador" owner="amazon_tarefa2_BDD_resources" type="TEARDOWN">
<kw name="Close Browser" owner="SeleniumLibrary">
<doc>Closes the current browser.</doc>
<status status="PASS" start="2025-08-20T16:11:40.710135" elapsed="2.254766"/>
</kw>
<status status="PASS" start="2025-08-20T16:11:40.709844" elapsed="2.255188"/>
</kw>
<doc>Esse teste verifica a remoção de um produto no carrinho de compras</doc>
<tag>remover_carrinho</tag>
<status status="PASS" start="2025-08-20T16:11:04.937008" elapsed="38.028551"/>
</test>
<doc>Essa suite testa o site da Amazon.com.br</doc>
<status status="PASS" start="2025-08-20T16:10:32.667755" elapsed="70.298586"/>
</suite>
<statistics>
<total>
<stat pass="2" fail="0" skip="0">All Tests</stat>
</total>
<tag>
<stat pass="1" fail="0" skip="0">adicionar_carrinho</stat>
<stat pass="1" fail="0" skip="0">remover_carrinho</stat>
</tag>
<suite>
<stat name="amazon tarefa2 BDD testes" id="s1" pass="2" fail="0" skip="0">amazon tarefa2 BDD testes</stat>
</suite>
</statistics>
<errors>
</errors>
</robot>
