<?xml version="1.0" encoding="UTF-8"?>
<robot generator="Robot 7.3.2 (Python 3.13.6 on win32)" generated="2025-08-20T15:42:03.115823" rpa="false" schemaversion="5">
<suite id="s1" name="Amazon Tarefa1 Testes" source="C:\Cursos\curso_robot_framework_basico\webtesting_tarefa1\amazon_tarefa1_testes.robot">
<test id="s1-t1" name="Caso de Teste 03 - Adicionar Produto no Carrinho" line="31">
<kw name="Abrir o navegador" owner="amazon_tarefa1_resources" type="SETUP">
<kw name="Open Browser" owner="SeleniumLibrary">
<msg time="2025-08-20T15:42:03.364022" level="INFO">Opening browser 'chrome' to base url 'None'.</msg>
<arg>browser=${BROWSER}</arg>
<doc>Opens a new browser instance to the optional ``url``.</doc>
<status status="PASS" start="2025-08-20T15:42:03.363747" elapsed="1.191244"/>
</kw>
<kw name="Maximize Browser Window" owner="SeleniumLibrary">
<doc>Maximizes current browser window.</doc>
<status status="PASS" start="2025-08-20T15:42:04.555433" elapsed="0.052466"/>
</kw>
<status status="PASS" start="2025-08-20T15:42:03.362968" elapsed="1.245763"/>
</kw>
<kw name="Acessar a home page do site Amazon.com.br" owner="amazon_tarefa1_resources">
<kw name="Go To" owner="SeleniumLibrary">
<msg time="2025-08-20T15:42:04.610878" level="INFO">Opening url 'https://www.amazon.com.br/?ref_=icp_country_from_us'</msg>
<arg>url=${URL}</arg>
<doc>Navigates the current browser window to the provided ``url``.</doc>
<status status="PASS" start="2025-08-20T15:42:04.610451" elapsed="0.857613"/>
</kw>
<status status="PASS" start="2025-08-20T15:42:04.609951" elapsed="0.858251"/>
</kw>
<kw name="Digitar o nome de produto &quot;Xbox Series S&quot; no campo de pesquisa" owner="amazon_tarefa1_resources" source_name="Digitar o nome de produto &quot;${PRODUTO}&quot; no campo de pesquisa">
<kw name="Wait Until Element Is Visible" owner="SeleniumLibrary">
<arg>locator=${CAMPO_PESQUISA}</arg>
<doc>Waits until the element ``locator`` is visible.</doc>
<status status="PASS" start="2025-08-20T15:42:05.468992" elapsed="4.729317"/>
</kw>
<kw name="Input Text" owner="SeleniumLibrary">
<msg time="2025-08-20T15:42:10.199445" level="INFO">Typing text 'Xbox Series S' into text field '(//input[@id='twotabsearchtextbox'])[1]'.</msg>
<arg>locator=${CAMPO_PESQUISA}</arg>
<arg>text=${PRODUTO}</arg>
<doc>Types the given ``text`` into the text field identified by ``locator``.</doc>
<status status="PASS" start="2025-08-20T15:42:10.198723" elapsed="0.261676"/>
</kw>
<status status="PASS" start="2025-08-20T15:42:05.468657" elapsed="4.991940"/>
</kw>
<kw name="Clicar no botão de Pesquisa" owner="amazon_tarefa1_resources">
<kw name="Wait Until Element Is Visible" owner="SeleniumLibrary">
<arg>locator=${BOTAO_PESQUISA}</arg>
<doc>Waits until the element ``locator`` is visible.</doc>
<status status="PASS" start="2025-08-20T15:42:10.461656" elapsed="0.027776"/>
</kw>
<kw name="Click Element" owner="SeleniumLibrary">
<msg time="2025-08-20T15:42:10.489926" level="INFO">Clicking element '(//input[@id='nav-search-submit-button'])[1]'.</msg>
<arg>locator=${BOTAO_PESQUISA}</arg>
<doc>Click the element identified by ``locator``.</doc>
<status status="PASS" start="2025-08-20T15:42:10.489642" elapsed="2.495942"/>
</kw>
<status status="PASS" start="2025-08-20T15:42:10.461113" elapsed="2.524585"/>
</kw>
<kw name="Verificar o resultado da pesquisa se está listando o produto &quot;Console Xbox Series S&quot;" owner="amazon_tarefa1_resources">
<kw name="O sistema deve exibir a tela com o resultado da pesquisa, listando o produto pesquisado" owner="amazon_tarefa1_resources">
<kw name="Wait Until Element Contains" owner="SeleniumLibrary">
<arg>locator=${PRODUTO_PESQUISA}</arg>
<arg>text=Console Xbox Series S</arg>
<doc>Waits until the element ``locator`` contains ``text``.</doc>
<status status="PASS" start="2025-08-20T15:42:12.986603" elapsed="0.051650"/>
</kw>
<status status="PASS" start="2025-08-20T15:42:12.986374" elapsed="0.052003"/>
</kw>
<status status="PASS" start="2025-08-20T15:42:12.986045" elapsed="0.052396"/>
</kw>
<kw name="Adicionar o produto &quot;Console Xbox Series S&quot; no carrinho" owner="amazon_tarefa1_resources">
<kw name="Wait Until Element Is Visible" owner="SeleniumLibrary">
<arg>locator=${PRODUTO_PESQUISA}</arg>
<doc>Waits until the element ``locator`` is visible.</doc>
<status status="PASS" start="2025-08-20T15:42:13.039116" elapsed="0.018673"/>
</kw>
<kw name="Click Element" owner="SeleniumLibrary">
<msg time="2025-08-20T15:42:13.058243" level="INFO">Clicking element '(//span[contains(text(),'Console Xbox Series S')])[1]'.</msg>
<arg>locator=${PRODUTO_PESQUISA}</arg>
<doc>Click the element identified by ``locator``.</doc>
<status status="PASS" start="2025-08-20T15:42:13.057980" elapsed="5.690184"/>
</kw>
<kw name="Wait Until Element Is Visible" owner="SeleniumLibrary">
<arg>locator=${BOTAO_ADICIONAR_CARRINHO}</arg>
<doc>Waits until the element ``locator`` is visible.</doc>
<status status="PASS" start="2025-08-20T15:42:18.748561" elapsed="0.392289"/>
</kw>
<kw name="Click Button" owner="SeleniumLibrary">
<msg time="2025-08-20T15:42:19.141899" level="INFO">Clicking button '//*[@id="add-to-cart-button"]'.</msg>
<arg>locator=${BOTAO_ADICIONAR_CARRINHO}</arg>
<doc>Clicks the button identified by ``locator``.</doc>
<status status="PASS" start="2025-08-20T15:42:19.141331" elapsed="0.379656"/>
</kw>
<kw name="Sleep" owner="BuiltIn">
<msg time="2025-08-20T15:42:22.522877" level="INFO">Slept 3 seconds.</msg>
<arg>3s</arg>
<doc>Pauses the test executed for the given time.</doc>
<status status="PASS" start="2025-08-20T15:42:19.521404" elapsed="3.001600"/>
</kw>
<kw name="Click Button" owner="SeleniumLibrary">
<msg time="2025-08-20T15:42:22.523547" level="INFO">Clicking button '//*[@id="attachSiNoCoverage"]/span/input'.</msg>
<arg>locator=${BOTAO_SEM_PROTECAO}</arg>
<doc>Clicks the button identified by ``locator``.</doc>
<status status="PASS" start="2025-08-20T15:42:22.523248" elapsed="0.146208"/>
</kw>
<status status="PASS" start="2025-08-20T15:42:13.038822" elapsed="9.630750"/>
</kw>
<kw name="Verificar se o produto &quot;Console Xbox Series S&quot; foi adicionado com sucesso" owner="amazon_tarefa1_resources">
<kw name="Sleep" owner="BuiltIn">
<msg time="2025-08-20T15:42:30.671223" level="INFO">Slept 8 seconds.</msg>
<arg>8s</arg>
<doc>Pauses the test executed for the given time.</doc>
<status status="PASS" start="2025-08-20T15:42:22.670373" elapsed="8.000984"/>
</kw>
<kw name="Wait Until Element Is Visible" owner="SeleniumLibrary">
<arg>locator=${TEXTO_ADICIONADO_COM_SUCESSO}</arg>
<doc>Waits until the element ``locator`` is visible.</doc>
<status status="PASS" start="2025-08-20T15:42:30.671624" elapsed="0.032631"/>
</kw>
<kw name="Element Text Should Be" owner="SeleniumLibrary">
<msg time="2025-08-20T15:42:30.704715" level="INFO">Verifying element '(//h4[@class='a-alert-heading'][normalize-space()='Adicionado ao carrinho'])[2]' contains exact text 'Adicionado ao carrinho'.</msg>
<arg>locator=${TEXTO_ADICIONADO_COM_SUCESSO}</arg>
<arg>expected=Adicionado ao carrinho</arg>
<doc>Verifies that element ``locator`` contains exact the text ``expected``.</doc>
<status status="PASS" start="2025-08-20T15:42:30.704441" elapsed="0.026272"/>
</kw>
<status status="PASS" start="2025-08-20T15:42:22.669969" elapsed="8.060857"/>
</kw>
<kw name="Fechar o navegador" owner="amazon_tarefa1_resources" type="TEARDOWN">
<kw name="Close Browser" owner="SeleniumLibrary">
<doc>Closes the current browser.</doc>
<status status="PASS" start="2025-08-20T15:42:30.731583" elapsed="2.262013"/>
</kw>
<status status="PASS" start="2025-08-20T15:42:30.731289" elapsed="2.262425"/>
</kw>
<doc>Esse teste verifica a adição de um produto no carrinho de compras</doc>
<tag>adicionar_carrinho</tag>
<status status="PASS" start="2025-08-20T15:42:03.361856" elapsed="29.632072"/>
</test>
<test id="s1-t2" name="Caso de Teste 04 - Remover Produto do Carrinho" line="41">
<kw name="Abrir o navegador" owner="amazon_tarefa1_resources" type="SETUP">
<kw name="Open Browser" owner="SeleniumLibrary">
<msg time="2025-08-20T15:42:32.995590" level="INFO">Opening browser 'chrome' to base url 'None'.</msg>
<arg>browser=${BROWSER}</arg>
<doc>Opens a new browser instance to the optional ``url``.</doc>
<status status="PASS" start="2025-08-20T15:42:32.995397" elapsed="1.158607"/>
</kw>
<kw name="Maximize Browser Window" owner="SeleniumLibrary">
<doc>Maximizes current browser window.</doc>
<status status="PASS" start="2025-08-20T15:42:34.154323" elapsed="0.042286"/>
</kw>
<status status="PASS" start="2025-08-20T15:42:32.995114" elapsed="1.201741"/>
</kw>
<kw name="Acessar a home page do site Amazon.com.br" owner="amazon_tarefa1_resources">
<kw name="Go To" owner="SeleniumLibrary">
<msg time="2025-08-20T15:42:34.198955" level="INFO">Opening url 'https://www.amazon.com.br/?ref_=icp_country_from_us'</msg>
<arg>url=${URL}</arg>
<doc>Navigates the current browser window to the provided ``url``.</doc>
<status status="PASS" start="2025-08-20T15:42:34.198545" elapsed="0.284275"/>
</kw>
<status status="PASS" start="2025-08-20T15:42:34.197600" elapsed="0.285471"/>
</kw>
<kw name="Digitar o nome de produto &quot;Xbox Series S&quot; no campo de pesquisa" owner="amazon_tarefa1_resources" source_name="Digitar o nome de produto &quot;${PRODUTO}&quot; no campo de pesquisa">
<kw name="Wait Until Element Is Visible" owner="SeleniumLibrary">
<arg>locator=${CAMPO_PESQUISA}</arg>
<doc>Waits until the element ``locator`` is visible.</doc>
<status status="PASS" start="2025-08-20T15:42:34.491085" elapsed="1.237305"/>
</kw>
<kw name="Input Text" owner="SeleniumLibrary">
<msg time="2025-08-20T15:42:35.729301" level="INFO">Typing text 'Xbox Series S' into text field '(//input[@id='twotabsearchtextbox'])[1]'.</msg>
<arg>locator=${CAMPO_PESQUISA}</arg>
<arg>text=${PRODUTO}</arg>
<doc>Types the given ``text`` into the text field identified by ``locator``.</doc>
<status status="PASS" start="2025-08-20T15:42:35.728735" elapsed="0.256797"/>
</kw>
<status status="PASS" start="2025-08-20T15:42:34.490148" elapsed="1.495637"/>
</kw>
<kw name="Clicar no botão de Pesquisa" owner="amazon_tarefa1_resources">
<kw name="Wait Until Element Is Visible" owner="SeleniumLibrary">
<arg>locator=${BOTAO_PESQUISA}</arg>
<doc>Waits until the element ``locator`` is visible.</doc>
<status status="PASS" start="2025-08-20T15:42:35.986867" elapsed="0.025871"/>
</kw>
<kw name="Click Element" owner="SeleniumLibrary">
<msg time="2025-08-20T15:42:36.013435" level="INFO">Clicking element '(//input[@id='nav-search-submit-button'])[1]'.</msg>
<arg>locator=${BOTAO_PESQUISA}</arg>
<doc>Click the element identified by ``locator``.</doc>
<status status="PASS" start="2025-08-20T15:42:36.013089" elapsed="0.276204"/>
</kw>
<status status="PASS" start="2025-08-20T15:42:35.986530" elapsed="0.302900"/>
</kw>
<kw name="Verificar o resultado da pesquisa se está listando o produto &quot;Console Xbox Series S&quot;" owner="amazon_tarefa1_resources">
<kw name="O sistema deve exibir a tela com o resultado da pesquisa, listando o produto pesquisado" owner="amazon_tarefa1_resources">
<kw name="Wait Until Element Contains" owner="SeleniumLibrary">
<arg>locator=${PRODUTO_PESQUISA}</arg>
<arg>text=Console Xbox Series S</arg>
<doc>Waits until the element ``locator`` contains ``text``.</doc>
<status status="PASS" start="2025-08-20T15:42:36.290555" elapsed="2.411182"/>
</kw>
<status status="PASS" start="2025-08-20T15:42:36.290260" elapsed="2.411613"/>
</kw>
<status status="PASS" start="2025-08-20T15:42:36.289843" elapsed="2.412100"/>
</kw>
<kw name="Adicionar o produto &quot;Console Xbox Series S&quot; no carrinho" owner="amazon_tarefa1_resources">
<kw name="Wait Until Element Is Visible" owner="SeleniumLibrary">
<arg>locator=${PRODUTO_PESQUISA}</arg>
<doc>Waits until the element ``locator`` is visible.</doc>
<status status="PASS" start="2025-08-20T15:42:38.702707" elapsed="0.037231"/>
</kw>
<kw name="Click Element" owner="SeleniumLibrary">
<msg time="2025-08-20T15:42:38.740925" level="INFO">Clicking element '(//span[contains(text(),'Console Xbox Series S')])[1]'.</msg>
<arg>locator=${PRODUTO_PESQUISA}</arg>
<doc>Click the element identified by ``locator``.</doc>
<status status="PASS" start="2025-08-20T15:42:38.740313" elapsed="6.191710"/>
</kw>
<kw name="Wait Until Element Is Visible" owner="SeleniumLibrary">
<arg>locator=${BOTAO_ADICIONAR_CARRINHO}</arg>
<doc>Waits until the element ``locator`` is visible.</doc>
<status status="PASS" start="2025-08-20T15:42:44.932387" elapsed="0.085748"/>
</kw>
<kw name="Click Button" owner="SeleniumLibrary">
<msg time="2025-08-20T15:42:45.018712" level="INFO">Clicking button '//*[@id="add-to-cart-button"]'.</msg>
<arg>locator=${BOTAO_ADICIONAR_CARRINHO}</arg>
<doc>Clicks the button identified by ``locator``.</doc>
<status status="PASS" start="2025-08-20T15:42:45.018381" elapsed="0.731367"/>
</kw>
<kw name="Sleep" owner="BuiltIn">
<msg time="2025-08-20T15:42:48.751102" level="INFO">Slept 3 seconds.</msg>
<arg>3s</arg>
<doc>Pauses the test executed for the given time.</doc>
<status status="PASS" start="2025-08-20T15:42:45.750165" elapsed="3.001050"/>
</kw>
<kw name="Click Button" owner="SeleniumLibrary">
<msg time="2025-08-20T15:42:48.751656" level="INFO">Clicking button '//*[@id="attachSiNoCoverage"]/span/input'.</msg>
<arg>locator=${BOTAO_SEM_PROTECAO}</arg>
<doc>Clicks the button identified by ``locator``.</doc>
<status status="PASS" start="2025-08-20T15:42:48.751399" elapsed="0.144004"/>
</kw>
<status status="PASS" start="2025-08-20T15:42:38.702379" elapsed="10.193150"/>
</kw>
<kw name="Verificar se o produto &quot;Console Xbox Series S&quot; foi adicionado com sucesso" owner="amazon_tarefa1_resources">
<kw name="Sleep" owner="BuiltIn">
<msg time="2025-08-20T15:42:56.897531" level="INFO">Slept 8 seconds.</msg>
<arg>8s</arg>
<doc>Pauses the test executed for the given time.</doc>
<status status="PASS" start="2025-08-20T15:42:48.896305" elapsed="8.001338"/>
</kw>
<kw name="Wait Until Element Is Visible" owner="SeleniumLibrary">
<arg>locator=${TEXTO_ADICIONADO_COM_SUCESSO}</arg>
<doc>Waits until the element ``locator`` is visible.</doc>
<status status="PASS" start="2025-08-20T15:42:56.897824" elapsed="0.027340"/>
</kw>
<kw name="Element Text Should Be" owner="SeleniumLibrary">
<msg time="2025-08-20T15:42:56.925674" level="INFO">Verifying element '(//h4[@class='a-alert-heading'][normalize-space()='Adicionado ao carrinho'])[2]' contains exact text 'Adicionado ao carrinho'.</msg>
<arg>locator=${TEXTO_ADICIONADO_COM_SUCESSO}</arg>
<arg>expected=Adicionado ao carrinho</arg>
<doc>Verifies that element ``locator`` contains exact the text ``expected``.</doc>
<status status="PASS" start="2025-08-20T15:42:56.925355" elapsed="0.023094"/>
</kw>
<status status="PASS" start="2025-08-20T15:42:48.895948" elapsed="8.052614"/>
</kw>
<kw name="Remover o produto &quot;Console Xbox Series S&quot; do carrinho" owner="amazon_tarefa1_resources">
<kw name="Click Button" owner="SeleniumLibrary">
<msg time="2025-08-20T15:42:56.949487" level="INFO">Clicking button '(//input[@aria-labelledby='attach-sidesheet-view-cart-button-announce'])[1]'.</msg>
<arg>locator=${BOTAO_IR_CARRINHO DE COMPRAS}</arg>
<doc>Clicks the button identified by ``locator``.</doc>
<status status="PASS" start="2025-08-20T15:42:56.949259" elapsed="2.109953"/>
</kw>
<kw name="Element Text Should Be" owner="SeleniumLibrary">
<msg time="2025-08-20T15:42:59.059694" level="INFO">Verifying element '//*[@id="sc-active-items-header"]' contains exact text 'Carrinho de compras'.</msg>
<arg>locator=${TITULO_CARRINHO DE COMPRAS}</arg>
<arg>expected=Carrinho de compras</arg>
<doc>Verifies that element ``locator`` contains exact the text ``expected``.</doc>
<status status="PASS" start="2025-08-20T15:42:59.059405" elapsed="0.043233"/>
</kw>
<kw name="Sleep" owner="BuiltIn">
<msg time="2025-08-20T15:43:02.103874" level="INFO">Slept 3 seconds.</msg>
<arg>3s</arg>
<doc>Pauses the test executed for the given time.</doc>
<status status="PASS" start="2025-08-20T15:42:59.102835" elapsed="3.001150"/>
</kw>
<kw name="Click Button" owner="SeleniumLibrary">
<msg time="2025-08-20T15:43:02.104438" level="INFO">Clicking button '(//button[@aria-label='Excluir Console Xbox Series S'])[1]'.</msg>
<arg>locator=${BOTÃO_LIXEIRA}</arg>
<doc>Clicks the button identified by ``locator``.</doc>
<status status="PASS" start="2025-08-20T15:43:02.104167" elapsed="0.133072"/>
</kw>
<kw name="Sleep" owner="BuiltIn">
<msg time="2025-08-20T15:43:05.238198" level="INFO">Slept 3 seconds.</msg>
<arg>3s</arg>
<doc>Pauses the test executed for the given time.</doc>
<status status="PASS" start="2025-08-20T15:43:02.237535" elapsed="3.000777"/>
</kw>
<kw name="Element Text Should Be" owner="SeleniumLibrary">
<msg time="2025-08-20T15:43:05.238776" level="INFO">Verifying element '(//div[@class='sc-list-item-removed-msg-delete a-padding-medium'])[1]' contains exact text 'Console Xbox Series S foi removido de Carrinho de compras.'.</msg>
<arg>locator=${TEXTO_PRODUTO_REMOVIDO}</arg>
<arg>expected=Console Xbox Series S foi removido de Carrinho de compras.</arg>
<doc>Verifies that element ``locator`` contains exact the text ``expected``.</doc>
<status status="PASS" start="2025-08-20T15:43:05.238498" elapsed="0.022530"/>
</kw>
<status status="PASS" start="2025-08-20T15:42:56.948957" elapsed="8.312193"/>
</kw>
<kw name="Verificar se o carrinho fica vazio" owner="amazon_tarefa1_resources">
<kw name="Element Text Should Be" owner="SeleniumLibrary">
<msg time="2025-08-20T15:43:05.262057" level="INFO">Verifying element '//*[@id="sc-subtotal-label-activecart"]' contains exact text 'Subtotal (0 produtos):'.</msg>
<arg>locator=${TEXTO_SUBTOTAL}</arg>
<arg>expected=Subtotal (0 produtos):</arg>
<doc>Verifies that element ``locator`` contains exact the text ``expected``.</doc>
<status status="PASS" start="2025-08-20T15:43:05.261818" elapsed="0.022222"/>
</kw>
<status status="PASS" start="2025-08-20T15:43:05.261514" elapsed="0.022640"/>
</kw>
<kw name="Fechar o navegador" owner="amazon_tarefa1_resources" type="TEARDOWN">
<kw name="Close Browser" owner="SeleniumLibrary">
<doc>Closes the current browser.</doc>
<status status="PASS" start="2025-08-20T15:43:05.284986" elapsed="2.288560"/>
</kw>
<status status="PASS" start="2025-08-20T15:43:05.284702" elapsed="2.288968"/>
</kw>
<doc>Esse teste verifica a remoção de um produto no carrinho de compras</doc>
<tag>remover_carrinho</tag>
<status status="PASS" start="2025-08-20T15:42:32.994603" elapsed="34.579282"/>
</test>
<doc>Essa suite testa o site da Amazon.com.br</doc>
<status status="PASS" start="2025-08-20T15:42:03.117224" elapsed="64.457618"/>
</suite>
<statistics>
<total>
<stat pass="2" fail="0" skip="0">All Tests</stat>
</total>
<tag>
<stat pass="1" fail="0" skip="0">adicionar_carrinho</stat>
<stat pass="1" fail="0" skip="0">remover_carrinho</stat>
</tag>
<suite>
<stat name="Amazon Tarefa1 Testes" id="s1" pass="2" fail="0" skip="0">Amazon Tarefa1 Testes</stat>
</suite>
</statistics>
<errors>
</errors>
</robot>
