<?xml version="1.0" encoding="UTF-8"?>
<robot generator="Robot 7.3.2 (Python 3.13.6 on win32)" generated="2025-08-20T08:46:42.994489" rpa="false" schemaversion="5">
<suite id="s1" name="Amazon Testes" source="C:\Cursos\curso_robot_framework_basico\webtesting\amazon_testes.robot">
<test id="s1-t1" name="Caso de Teste 01 - Acesso ao menu &quot;Eletrônicos&quot;" line="12">
<kw name="Abrir o navegador" owner="amazon_resources" type="SETUP">
<kw name="Open Browser" owner="SeleniumLibrary">
<msg time="2025-08-20T08:46:43.268995" level="INFO">Opening browser 'chrome' to base url 'None'.</msg>
<arg>browser=${BROWSER}</arg>
<doc>Opens a new browser instance to the optional ``url``.</doc>
<status status="PASS" start="2025-08-20T08:46:43.268716" elapsed="1.370918"/>
</kw>
<kw name="Maximize Browser Window" owner="SeleniumLibrary">
<doc>Maximizes current browser window.</doc>
<status status="PASS" start="2025-08-20T08:46:44.640937" elapsed="0.129346"/>
</kw>
<status status="PASS" start="2025-08-20T08:46:43.267924" elapsed="1.502729"/>
</kw>
<kw name="Acessar a home page do site Amazon.com.br" owner="amazon_resources">
<kw name="Go To" owner="SeleniumLibrary">
<msg time="2025-08-20T08:46:44.773510" level="INFO">Opening url 'https://www.amazon.com.br/?ref_=icp_country_from_us'</msg>
<arg>url=${URL}</arg>
<doc>Navigates the current browser window to the provided ``url``.</doc>
<status status="PASS" start="2025-08-20T08:46:44.772690" elapsed="2.105023"/>
</kw>
<status status="PASS" start="2025-08-20T08:46:44.771702" elapsed="2.106322"/>
</kw>
<kw name="Entrar no menu &quot;Eletrônicos&quot;" owner="amazon_resources">
<kw name="Wait Until Element Is Visible" owner="SeleniumLibrary">
<arg>locator=${MENU_ELETRONICOS}</arg>
<doc>Waits until the element ``locator`` is visible.</doc>
<status status="PASS" start="2025-08-20T08:46:46.879494" elapsed="0.318124"/>
</kw>
<kw name="Click Element" owner="SeleniumLibrary">
<msg time="2025-08-20T08:46:47.198418" level="INFO">Clicking element '//a[contains(text(),'Eletrônicos')]'.</msg>
<arg>locator=${MENU_ELETRONICOS}</arg>
<doc>Click the element identified by ``locator``.</doc>
<status status="PASS" start="2025-08-20T08:46:47.197956" elapsed="4.009776"/>
</kw>
<status status="PASS" start="2025-08-20T08:46:46.878867" elapsed="4.329041"/>
</kw>
<kw name="Verificar se o título da página fica &quot;Eletrônicos e Tecnologia | Amazon.com.br&quot;" owner="amazon_resources" source_name="Verificar se o título da página fica &quot;${TITULO}&quot;">
<kw name="Title Should Be" owner="SeleniumLibrary">
<msg time="2025-08-20T08:46:51.232021" level="INFO">Page title is 'Eletrônicos e Tecnologia | Amazon.com.br'.</msg>
<arg>title=${TITULO}</arg>
<doc>Verifies that the current page title equals ``title``.</doc>
<status status="PASS" start="2025-08-20T08:46:51.209000" elapsed="0.023243"/>
</kw>
<status status="PASS" start="2025-08-20T08:46:51.208519" elapsed="0.023950"/>
</kw>
<kw name="Verificar se aparece a categoria &quot;Computadores e Informática&quot;" owner="amazon_resources" source_name="Verificar se aparece a categoria &quot;${CATEGORIA}&quot;">
<kw name="Wait Until Element Is Visible" owner="SeleniumLibrary">
<arg>locator=${CATEGORIA_COMPUTADORES_INFORMATICA}</arg>
<doc>Waits until the element ``locator`` is visible.</doc>
<status status="PASS" start="2025-08-20T08:46:51.234101" elapsed="0.066043"/>
</kw>
<kw name="Wait Until Element Contains" owner="SeleniumLibrary">
<arg>locator=${CATEGORIA_COMPUTADORES_INFORMATICA}</arg>
<arg>text=${CATEGORIA}</arg>
<doc>Waits until the element ``locator`` contains ``text``.</doc>
<status status="PASS" start="2025-08-20T08:46:51.300483" elapsed="0.057591"/>
</kw>
<status status="PASS" start="2025-08-20T08:46:51.233141" elapsed="0.125193"/>
</kw>
<kw name="Fechar o navegador" owner="amazon_resources" type="TEARDOWN">
<kw name="Close Browser" owner="SeleniumLibrary">
<doc>Closes the current browser.</doc>
<status status="PASS" start="2025-08-20T08:46:51.359491" elapsed="2.434502"/>
</kw>
<status status="PASS" start="2025-08-20T08:46:51.359028" elapsed="2.435099"/>
</kw>
<doc>Esse teste verifica o menu eletônicos do site da Amazon.com.br
e verifica a categoria Computadores e Informática</doc>
<tag>menus</tag>
<status status="PASS" start="2025-08-20T08:46:43.266852" elapsed="10.527525"/>
</test>
<test id="s1-t2" name="Caso de Teste 02 - Pesquisa de um Produto" line="22">
<kw name="Abrir o navegador" owner="amazon_resources" type="SETUP">
<kw name="Open Browser" owner="SeleniumLibrary">
<msg time="2025-08-20T08:46:53.796842" level="INFO">Opening browser 'chrome' to base url 'None'.</msg>
<arg>browser=${BROWSER}</arg>
<doc>Opens a new browser instance to the optional ``url``.</doc>
<status status="PASS" start="2025-08-20T08:46:53.796482" elapsed="1.324690"/>
</kw>
<kw name="Maximize Browser Window" owner="SeleniumLibrary">
<doc>Maximizes current browser window.</doc>
<status status="PASS" start="2025-08-20T08:46:55.121764" elapsed="0.114570"/>
</kw>
<status status="PASS" start="2025-08-20T08:46:53.795954" elapsed="1.440676"/>
</kw>
<kw name="Acessar a home page do site Amazon.com.br" owner="amazon_resources">
<kw name="Go To" owner="SeleniumLibrary">
<msg time="2025-08-20T08:46:55.240870" level="INFO">Opening url 'https://www.amazon.com.br/?ref_=icp_country_from_us'</msg>
<arg>url=${URL}</arg>
<doc>Navigates the current browser window to the provided ``url``.</doc>
<status status="PASS" start="2025-08-20T08:46:55.240248" elapsed="0.805050"/>
</kw>
<status status="PASS" start="2025-08-20T08:46:55.239040" elapsed="0.806446"/>
</kw>
<kw name="Digitar o nome de produto &quot;Xbox Series S&quot; no campo de pesquisa" owner="amazon_resources" source_name="Digitar o nome de produto &quot;${PRODUTO}&quot; no campo de pesquisa">
<kw name="Wait Until Element Is Visible" owner="SeleniumLibrary">
<arg>locator=${CAMPO_PESQUISA}</arg>
<doc>Waits until the element ``locator`` is visible.</doc>
<status status="PASS" start="2025-08-20T08:46:56.046542" elapsed="7.045343"/>
</kw>
<kw name="Input Text" owner="SeleniumLibrary">
<msg time="2025-08-20T08:47:03.093139" level="INFO">Typing text 'Xbox Series S' into text field '(//input[@id='twotabsearchtextbox'])[1]'.</msg>
<arg>locator=${CAMPO_PESQUISA}</arg>
<arg>text=${PRODUTO}</arg>
<doc>Types the given ``text`` into the text field identified by ``locator``.</doc>
<status status="PASS" start="2025-08-20T08:47:03.092351" elapsed="0.504436"/>
</kw>
<status status="PASS" start="2025-08-20T08:46:56.046058" elapsed="7.550918"/>
</kw>
<kw name="Clicar no botão de Pesquisa" owner="amazon_resources">
<kw name="Wait Until Element Is Visible" owner="SeleniumLibrary">
<arg>locator=${BOTAO_PESQUISA}</arg>
<doc>Waits until the element ``locator`` is visible.</doc>
<status status="PASS" start="2025-08-20T08:47:03.598139" elapsed="0.086995"/>
</kw>
<kw name="Click Element" owner="SeleniumLibrary">
<msg time="2025-08-20T08:47:03.686691" level="INFO">Clicking element '(//input[@id='nav-search-submit-button'])[1]'.</msg>
<arg>locator=${BOTAO_PESQUISA}</arg>
<doc>Click the element identified by ``locator``.</doc>
<status status="PASS" start="2025-08-20T08:47:03.685733" elapsed="3.795317"/>
</kw>
<status status="PASS" start="2025-08-20T08:47:03.597504" elapsed="3.883751"/>
</kw>
<kw name="O sistema deve exibir a tela com o resultado da pesquisa, listando o produto pesquisado" owner="amazon_resources">
<kw name="Wait Until Element Contains" owner="SeleniumLibrary">
<arg>locator=${PRODUTO_PESQUISA}</arg>
<arg>text=Console Xbox Series S</arg>
<doc>Waits until the element ``locator`` contains ``text``.</doc>
<status status="PASS" start="2025-08-20T08:47:07.482415" elapsed="0.073340"/>
</kw>
<status status="PASS" start="2025-08-20T08:47:07.481792" elapsed="0.074169"/>
</kw>
<kw name="Fechar o navegador" owner="amazon_resources" type="TEARDOWN">
<kw name="Close Browser" owner="SeleniumLibrary">
<doc>Closes the current browser.</doc>
<status status="PASS" start="2025-08-20T08:47:07.557635" elapsed="2.548485"/>
</kw>
<status status="PASS" start="2025-08-20T08:47:07.556796" elapsed="2.549641"/>
</kw>
<doc>Esse teste verifica a busca de um produto</doc>
<tag>Busca por produto</tag>
<status status="PASS" start="2025-08-20T08:46:53.795134" elapsed="16.311960"/>
</test>
<doc>Essa suite testa o site da Amazon.com.br</doc>
<status status="PASS" start="2025-08-20T08:46:42.996892" elapsed="27.111170"/>
</suite>
<statistics>
<total>
<stat pass="2" fail="0" skip="0">All Tests</stat>
</total>
<tag>
<stat pass="1" fail="0" skip="0">Busca por produto</stat>
<stat pass="1" fail="0" skip="0">menus</stat>
</tag>
<suite>
<stat name="Amazon Testes" id="s1" pass="2" fail="0" skip="0">Amazon Testes</stat>
</suite>
</statistics>
<errors>
</errors>
</robot>
