<?xml version="1.0" encoding="UTF-8"?>
<robot generator="Robot 7.3.2 (Python 3.13.6 on win32)" generated="2025-08-21T08:16:03.850352" rpa="false" schemaversion="5">
<suite id="s1" name="ExemplosTiposVariaveis" source="C:\Cursos\curso_robot_framework_basico\VariaveisEscoposArgumentos\ExemplosTiposVariaveis.robot">
<test id="s1-t1" name="Caso de teste de exemplo 01" line="14">
<kw name="Uma keyword qualquer 01">
<kw name="Log" owner="BuiltIn">
<msg time="2025-08-21T08:16:03.881170" level="INFO">Vamos ver os tipos de variáveis no robot!</msg>
<arg>${SIMPLES}</arg>
<doc>Logs the given message with the given level.</doc>
<status status="PASS" start="2025-08-21T08:16:03.880998" elapsed="0.000237"/>
</kw>
<kw name="Log" owner="BuiltIn">
<msg time="2025-08-21T08:16:03.882165" level="INFO">Essa tem que ser maça: maça e essa tem que ser morango: morango</msg>
<arg>Essa tem que ser maça: ${FRUTAS[2]} e essa tem que ser morango: ${FRUTAS[0]}</arg>
<doc>Logs the given message with the given level.</doc>
<status status="PASS" start="2025-08-21T08:16:03.881351" elapsed="0.000874"/>
</kw>
<kw name="Log" owner="BuiltIn">
<msg time="2025-08-21T08:16:03.882959" level="INFO">nome: May Fernandes e email: mayfernandes@exemplo.com.br</msg>
<arg>nome: ${PESSOA.nome} e email: ${PESSOA.email}</arg>
<doc>Logs the given message with the given level.</doc>
<status status="PASS" start="2025-08-21T08:16:03.882334" elapsed="0.000673"/>
</kw>
<status status="PASS" start="2025-08-21T08:16:03.880528" elapsed="0.002546"/>
</kw>
<status status="PASS" start="2025-08-21T08:16:03.879796" elapsed="0.003526"/>
</test>
<doc>Exemplo de tipos de variáveis: SIMPLES, LISTAS e DICIONÁRIOS</doc>
<status status="PASS" start="2025-08-21T08:16:03.851724" elapsed="0.032294"/>
</suite>
<statistics>
<total>
<stat pass="1" fail="0" skip="0">All Tests</stat>
</total>
<tag>
</tag>
<suite>
<stat name="ExemplosTiposVariaveis" id="s1" pass="1" fail="0" skip="0">ExemplosTiposVariaveis</stat>
</suite>
</statistics>
<errors>
<msg time="2025-08-21T08:16:03.846474" level="WARN">Error in file 'C:\Cursos\curso_robot_framework_basico\VariaveisEscoposArgumentos\ExemplosTiposVariaveis.robot' on line 3: Singular section headers like '*** Variable ***' are deprecated. Use plural format like '*** Variables ***' instead.</msg>
</errors>
</robot>
